<?xml version="1.0" encoding="UTF-8"?>
<!-- Generated by org.testng.reporters.JUnitXMLReporter -->
<testsuite ignored="0" hostname="Jorges-MacBook-Pro.local" failures="0" tests="5" name="Default test" time="62.545" errors="0" timestamp="2021-08-30T05:09:48 AST">
  <testcase classname="com.challenge.test.ShoppingCartNavigationWidgetTest" name="itemsFromCategorySection_CanBeAddedToCart_Successfully" time="14.486"/>
  <testcase classname="com.challenge.test.ShoppingCartNavigationWidgetTest" name="itemsSearched_CanBeAddedToCart_Successfully" time="23.951"/>
  <testcase classname="com.challenge.test.ShoppingCartNavigationWidgetTest" name="shoppingCartWidget_Contains_AddedItems" time="7.638"/>
  <testcase classname="com.challenge.test.ShoppingCartNavigationWidgetTest" name="shoppingCartWidgetItems_CanBeDeleted_Successfully" time="7.681"/>
  <testcase classname="com.challenge.test.ShoppingCartNavigationWidgetTest" name="shoppingCartWidgetCheckOutBtn_RedirectToShoppingCartPage_Successfully" time="0.292"/>
</testsuite> <!-- Default test -->
